[tmu LOCAL BUILD] vanilla_regressor_V4 loaded from: /mnt/c/Users/Trshant/Rupsa/TMExperiments/RegressionExperiment/tmu/tmu/models/regression/vanilla_regressor_v4.py
[tmu LOCAL BUILD] vanilla_regressor loaded from: /mnt/c/Users/Trshant/Rupsa/TMExperiments/RegressionExperiment/tmu/tmu/models/regression/vanilla_regressor.py
  [subsampled train -> 8000]

=== metro: 8000 train / 9639 test ===
  seed 42: full=1977.3901 M20=1972.9511 ung=1974.7197 | uniform:-12.920 force_ii:+0.425 force_ii_tmag:-6.915 teacher_sign_tmag:+3.675 sameside_tmag:+3.370
  seed 43: full=1982.9103 M20=1971.3972 ung=1964.8178 | uniform:-0.043 force_ii:-13.776 force_ii_tmag:-1.336 teacher_sign_tmag:-13.418 sameside_tmag:-11.249
  seed 44: full=1985.0070 M20=1976.6425 ung=1963.8770 | uniform:+4.296 force_ii:+4.326 force_ii_tmag:-9.121 teacher_sign_tmag:-6.359 sameside_tmag:+1.771
  seed 45: full=1973.3931 M20=1977.6828 ung=1983.5205 | uniform:-14.992 force_ii:-22.550 force_ii_tmag:-22.157 teacher_sign_tmag:-41.028 sameside_tmag:-46.699
  [subsampled train -> 8000]

=== beijing: 8000 train / 8352 test ===
  seed 42: full=75.4640 M20=76.1867 ung=76.5390 | uniform:+1.825 force_ii:+1.389 force_ii_tmag:+1.716 teacher_sign_tmag:+1.486 sameside_tmag:+0.928
  seed 43: full=74.3424 M20=75.6715 ung=75.0306 | uniform:+3.209 force_ii:+1.746 force_ii_tmag:+2.309 teacher_sign_tmag:-0.020 sameside_tmag:-0.473
  seed 44: full=74.4030 M20=75.8461 ung=75.7815 | uniform:+0.531 force_ii:+0.137 force_ii_tmag:+1.452 teacher_sign_tmag:-0.047 sameside_tmag:+0.275
  seed 45: full=75.3740 M20=75.2112 ung=75.2085 | uniform:+2.183 force_ii:+1.950 force_ii_tmag:+2.303 teacher_sign_tmag:+0.937 sameside_tmag:+1.056
  [subsampled train -> 8000]

=== nyse: 8000 train / 10610 test ===
  seed 42: full=10161837.1146 M20=10291475.1089 ung=10376579.7023 | uniform:-101458.794 force_ii:-112679.009 force_ii_tmag:-128833.884 teacher_sign_tmag:-525767.002 sameside_tmag:-209371.112
  seed 43: full=10010160.1561 M20=10347754.6953 ung=10384777.6139 | uniform:+115119.017 force_ii:-236211.144 force_ii_tmag:-398010.712 teacher_sign_tmag:-80130.186 sameside_tmag:-807472.513
  seed 44: full=10406901.3508 M20=10149390.5213 ung=10217726.1574 | uniform:-399029.199 force_ii:-126934.256 force_ii_tmag:-532153.079 teacher_sign_tmag:-561072.287 sameside_tmag:-501404.446
  seed 45: full=10255884.6307 M20=10349298.3157 ung=11132669.4891 | uniform:+549122.135 force_ii:+197211.102 force_ii_tmag:-80397.934 teacher_sign_tmag:+449670.602 sameside_tmag:-7929.440
  [subsampled train -> 8000]

=== nyse_log: 8000 train / 10610 test ===
  seed 42: full=0.5000 M20=0.4837 ung=0.5824 | uniform:-0.001 force_ii:+0.035 force_ii_tmag:+0.080 teacher_sign_tmag:+0.047 sameside_tmag:+0.086
  seed 43: full=0.5980 M20=0.5340 ung=0.5898 | uniform:+0.077 force_ii:+0.086 force_ii_tmag:-0.012 teacher_sign_tmag:+0.054 sameside_tmag:+0.003
  seed 44: full=0.5905 M20=0.5167 ung=0.5459 | uniform:-0.031 force_ii:-0.048 force_ii_tmag:+0.019 teacher_sign_tmag:-0.026 sameside_tmag:-0.019
  seed 45: full=0.6317 M20=0.5475 ung=0.5014 | uniform:-0.004 force_ii:-0.058 force_ii_tmag:+0.006 teacher_sign_tmag:-0.022 sameside_tmag:-0.007

===== SUMMARY (impr = unguided - guided RMSE; gain = mode - uniform, paired) =====
  dataset     method             mean_impr      t      std gain_vs_uni  gain_t
  metro       uniform              -5.9147  -1.44   8.2190     +0.0000       -
  metro       force_ii             -7.8938  -1.46  10.8156     -1.9791   -0.39
  metro       force_ii_tmag        -9.8822  -2.59   7.6335     -3.9675   -1.11
  metro       teacher_sign_tmag   -14.2825  -1.72  16.5931     -8.3678   -1.08
  metro       sameside_tmag       -13.2017  -1.31  20.1536     -7.2870   -0.84
  beijing     uniform              +1.9370  +4.05   0.9574     +0.0000       -
  beijing     force_ii             +1.3056  +3.71   0.7039     -0.6313    -2.6
  beijing     force_ii_tmag        +1.9449 +10.43   0.3728     +0.0080    0.02
  beijing     teacher_sign_tmag    +0.5890  +1.81   0.6518     -1.3479   -2.37
  beijing     sameside_tmag        +0.4464  +1.47   0.6077     -1.4906   -2.29
  nyse        uniform            +40938.2900  +0.24 345543.7460     +0.0000       -
  nyse        force_ii           -69653.3269  -0.86 161315.2534 -110591.6168   -0.85
  nyse        force_ii_tmag      -284848.9024  -3.04 187153.5704 -325787.1924   -2.59
  nyse        teacher_sign_tmag  -179324.7183  -0.88 409642.5668 -220263.0083   -3.59
  nyse        sameside_tmag      -381544.3777  -2.53 302081.5152 -422482.6677   -2.47
  nyse_log    uniform              +0.0102  +0.50   0.0405     +0.0000       -
  nyse_log    force_ii             +0.0039  +0.13   0.0596     -0.0063   -0.38
  nyse_log    force_ii_tmag        +0.0232  +1.34   0.0346     +0.0130     0.4
  nyse_log    teacher_sign_tmag    +0.0132  +0.70   0.0377     +0.0031    0.22
  nyse_log    sameside_tmag        +0.0160  +0.77   0.0414     +0.0058     0.2
